<?xml version="1.0" encoding="UTF-8"?>
<!-- Generated by org.testng.reporters.JUnitReportReporter -->
<testsuite hostname="Preetha-PC" name="TestNG_Demo.Login_TestNG" tests="1" failures="0" timestamp="13 Jun 2020 04:54:02 GMT" time="0.057" errors="0">
  <testcase name="firstTestCase" time="0.057" classname="TestNG_Demo.Login_TestNG"/>
</testsuite> <!-- TestNG_Demo.Login_TestNG -->
