<?xml version="1.0" encoding="UTF-8"?>
<!-- Generated by org.testng.reporters.JUnitReportReporter -->
<testsuite hostname="Preetha-PC" name="TestNG_Demo.TestNG_Tutorial" tests="1" failures="0" timestamp="13 Jun 2020 04:42:22 GMT" time="0.018" errors="0">
  <testcase name="firstTestCase" time="0.018" classname="TestNG_Demo.TestNG_Tutorial"/>
</testsuite> <!-- TestNG_Demo.TestNG_Tutorial -->
